<?xml version="1.0" encoding="UTF-8"?>
<testsuite name="RegisterUtilTest" tests="4" skipped="0" failures="0" errors="0" timestamp="2022-10-26T16:55:40" hostname="195AMBBLR-Anusha-Jagannath-Soorenji.local" time="0.017">
  <properties/>
  <testcase name="whenUserNameAlreadyTaken_returnsFalse" classname="RegisterUtilTest" time="0.016"/>
  <testcase name="whenUserNameIsEmpty_returnsFalse" classname="RegisterUtilTest" time="0.0"/>
  <testcase name="whenPasswordLengthLessThanTwo_returnsFalse" classname="RegisterUtilTest" time="0.0"/>
  <testcase name="whenPasswordMismatch_returnsFalse" classname="RegisterUtilTest" time="0.0"/>
  <system-out><![CDATA[]]></system-out>
  <system-err><![CDATA[]]></system-err>
</testsuite>
