<?xml version="1.0" encoding="UTF-8"?>
<testsuite name="MethodOrderedRandomlyTest" tests="4" skipped="0" failures="0" errors="0" timestamp="2022-08-30T06:18:49" hostname="195AMBBLR-Anusha-Jagannath-Soorenji.local" time="0.006">
  <properties/>
  <testcase name="testA()" classname="MethodOrderedRandomlyTest" time="0.001"/>
  <testcase name="testB()" classname="MethodOrderedRandomlyTest" time="0.0"/>
  <testcase name="testC()" classname="MethodOrderedRandomlyTest" time="0.001"/>
  <testcase name="testD()" classname="MethodOrderedRandomlyTest" time="0.0"/>
  <system-out><![CDATA[Running tests A
Running test B
Running test C
Running test D
]]></system-out>
  <system-err><![CDATA[]]></system-err>
</testsuite>
