<?xml version="1.0" encoding="UTF-8"?>
<testsuite name="DemoTest" tests="1" skipped="0" failures="0" errors="0" timestamp="2022-08-15T06:37:48" hostname="195AMBBLR-Anusha-Jagannath-Soorenji.local" time="0.004">
  <properties/>
  <testcase name="demoTest_justToCheck" classname="DemoTest" time="0.004"/>
  <system-out><![CDATA[Hello welcome to testing
]]></system-out>
  <system-err><![CDATA[]]></system-err>
</testsuite>
